  IO_Multiplexing_Server.cpp
C:\Users\avoid\source\repos\IO Multiplexing Server\IO Multiplexing Server\IO_Multiplexing_Server.cpp(18,31): warning C4477: 'sprintf_s' : format string '%d' requires an argument of type 'int', but variadic argument 1 has type 'SOCKET'
C:\Users\avoid\source\repos\IO Multiplexing Server\IO Multiplexing Server\IO_Multiplexing_Server.cpp(18,31): message : consider using '%lld' in the format string
C:\Users\avoid\source\repos\IO Multiplexing Server\IO Multiplexing Server\IO_Multiplexing_Server.cpp(18,31): message : consider using '%Id' in the format string
C:\Users\avoid\source\repos\IO Multiplexing Server\IO Multiplexing Server\IO_Multiplexing_Server.cpp(18,31): message : consider using '%I64d' in the format string
C:\Users\avoid\source\repos\IO Multiplexing Server\IO Multiplexing Server\IO_Multiplexing_Server.cpp(19,50): warning C4267: '=': conversion from 'size_t' to 'int', possible loss of data
C:\Users\avoid\source\repos\IO Multiplexing Server\IO Multiplexing Server\IO_Multiplexing_Server.cpp(30,23): warning C4018: '<': signed/unsigned mismatch
C:\Users\avoid\source\repos\IO Multiplexing Server\IO Multiplexing Server\IO_Multiplexing_Server.cpp(53,49): warning C4267: '=': conversion from 'size_t' to 'int', possible loss of data
C:\Users\avoid\source\repos\IO Multiplexing Server\IO Multiplexing Server\IO_Multiplexing_Server.cpp(66,53): warning C4267: '=': conversion from 'size_t' to 'int', possible loss of data
C:\Users\avoid\source\repos\IO Multiplexing Server\IO Multiplexing Server\IO_Multiplexing_Server.cpp(68,23): warning C4018: '<': signed/unsigned mismatch
C:\Users\avoid\source\repos\IO Multiplexing Server\IO Multiplexing Server\IO_Multiplexing_Server.cpp(84,63): warning C4267: 'initializing': conversion from 'size_t' to 'int', possible loss of data
C:\Users\avoid\source\repos\IO Multiplexing Server\IO Multiplexing Server\IO_Multiplexing_Server.cpp(86,23): warning C4018: '<': signed/unsigned mismatch
C:\Users\avoid\source\repos\IO Multiplexing Server\IO Multiplexing Server\IO_Multiplexing_Server.cpp(95,63): warning C4267: '=': conversion from 'size_t' to 'int', possible loss of data
C:\Users\avoid\source\repos\IO Multiplexing Server\IO Multiplexing Server\IO_Multiplexing_Server.cpp(136,71): warning C4267: '=': conversion from 'size_t' to 'int', possible loss of data
C:\Users\avoid\source\repos\IO Multiplexing Server\IO Multiplexing Server\IO_Multiplexing_Server.cpp(150,59): warning C4267: '=': conversion from 'size_t' to 'int', possible loss of data
C:\Users\avoid\source\repos\IO Multiplexing Server\IO Multiplexing Server\IO_Multiplexing_Server.cpp(156,23): warning C4018: '<': signed/unsigned mismatch
C:\Users\avoid\source\repos\IO Multiplexing Server\IO Multiplexing Server\IO_Multiplexing_Server.cpp(165,67): warning C4267: '=': conversion from 'size_t' to 'int', possible loss of data
C:\Users\avoid\source\repos\IO Multiplexing Server\IO Multiplexing Server\IO_Multiplexing_Server.cpp(176,63): warning C4267: '=': conversion from 'size_t' to 'int', possible loss of data
C:\Users\avoid\source\repos\IO Multiplexing Server\IO Multiplexing Server\IO_Multiplexing_Server.cpp(184,63): warning C4267: '=': conversion from 'size_t' to 'int', possible loss of data
C:\Users\avoid\source\repos\IO Multiplexing Server\IO Multiplexing Server\IO_Multiplexing_Server.cpp(195,63): warning C4267: '=': conversion from 'size_t' to 'int', possible loss of data
C:\Users\avoid\source\repos\IO Multiplexing Server\IO Multiplexing Server\IO_Multiplexing_Server.cpp(286,28): warning C4477: 'printf' : format string '%d' requires an argument of type 'int', but variadic argument 1 has type 'SOCKET'
C:\Users\avoid\source\repos\IO Multiplexing Server\IO Multiplexing Server\IO_Multiplexing_Server.cpp(286,28): message : consider using '%lld' in the format string
C:\Users\avoid\source\repos\IO Multiplexing Server\IO Multiplexing Server\IO_Multiplexing_Server.cpp(286,28): message : consider using '%Id' in the format string
C:\Users\avoid\source\repos\IO Multiplexing Server\IO Multiplexing Server\IO_Multiplexing_Server.cpp(286,28): message : consider using '%I64d' in the format string
C:\Users\avoid\source\repos\IO Multiplexing Server\IO Multiplexing Server\IO_Multiplexing_Server.cpp(299,32): warning C4477: 'printf' : format string '%d' requires an argument of type 'int', but variadic argument 1 has type 'SOCKET'
C:\Users\avoid\source\repos\IO Multiplexing Server\IO Multiplexing Server\IO_Multiplexing_Server.cpp(299,32): message : consider using '%lld' in the format string
C:\Users\avoid\source\repos\IO Multiplexing Server\IO Multiplexing Server\IO_Multiplexing_Server.cpp(299,32): message : consider using '%Id' in the format string
C:\Users\avoid\source\repos\IO Multiplexing Server\IO Multiplexing Server\IO_Multiplexing_Server.cpp(299,32): message : consider using '%I64d' in the format string
C:\Users\avoid\source\repos\IO Multiplexing Server\IO Multiplexing Server\IO_Multiplexing_Server.cpp(306,32): warning C4477: 'printf' : format string '%d' requires an argument of type 'int', but variadic argument 1 has type 'SOCKET'
C:\Users\avoid\source\repos\IO Multiplexing Server\IO Multiplexing Server\IO_Multiplexing_Server.cpp(306,32): message : consider using '%lld' in the format string
C:\Users\avoid\source\repos\IO Multiplexing Server\IO Multiplexing Server\IO_Multiplexing_Server.cpp(306,32): message : consider using '%Id' in the format string
C:\Users\avoid\source\repos\IO Multiplexing Server\IO Multiplexing Server\IO_Multiplexing_Server.cpp(306,32): message : consider using '%I64d' in the format string
  packet_manager.cpp
c1xx : fatal error C1083: Cannot open source file: 'packet_manager.cpp': No such file or directory
  Generating Code...

Project Performance Summary:
     1280 ms  C:\Users\avoid\source\repos\IO Multiplexing Server\IO Multiplexing Server\IO Multiplexing Server.vcxproj   1 calls
               1280 ms  Build                                      1 calls

Target Performance Summary:
        0 ms  BeforeBuildGenerateSources                 1 calls
        0 ms  ResolveReferences                          1 calls
        0 ms  ComputeCLInputPDBName                      1 calls
        0 ms  SelectClCompile                            1 calls
        0 ms  PreBuildEvent                              1 calls
        0 ms  _SelectedFiles                             1 calls
        0 ms  SelectCustomBuild                          1 calls
        0 ms  ComputeCustomBuildOutput                   1 calls
        0 ms  BeforeClCompile                            1 calls
        0 ms  CopyFileToFolders                          1 calls
        0 ms  _Xsd                                       1 calls
        0 ms  MakeDirsForMidl                            1 calls
        0 ms  ComputeMIDLGeneratedCompileInputs          1 calls
        0 ms  AfterMidl                                  1 calls
        0 ms  _Midl                                      1 calls
        0 ms  AfterBuildGenerateSources                  1 calls
        0 ms  AfterBuildGenerateSourcesEvent             1 calls
        0 ms  _BuildGenerateSourcesAction                1 calls
        0 ms  AfterResolveReferences                     1 calls
        0 ms  BuildGenerateSources                       1 calls
        0 ms  ResolveAssemblyReferences                  1 calls
        0 ms  FindReferenceAssembliesForReferences       1 calls
        0 ms  SetTelemetryEnvironmentVariables           1 calls
        0 ms  _PrepareForBuild                           1 calls
        0 ms  _PrepareForReferenceResolution             1 calls
        0 ms  BeforeResolveReferences                    1 calls
        0 ms  AssignProjectConfiguration                 1 calls
        0 ms  _SplitProjectReferencesByFileExistence     1 calls
        0 ms  _AddOutputPathToGlobalPropertiesToRemove   1 calls
        0 ms  MakeDirsForCl                              1 calls
        0 ms  PrepareProjectReferences                   1 calls
        0 ms  ResolveProjectReferences                   1 calls
        0 ms  GetFrameworkPaths                          1 calls
        0 ms  GetReferenceAssemblyPaths                  1 calls
        0 ms  AddExternalIncludDirectoriesToPaths        1 calls
        0 ms  WarnCompileDuplicatedFilename              1 calls
        0 ms  GetResolvedWinMD                           1 calls
        0 ms  ComputeReferenceCLInput                    1 calls
        0 ms  SetCABuildNativeEnvironmentVariables       1 calls
        0 ms  GetReferencedVCProjectsInfo                1 calls
        0 ms  ExpandSDKReferences                        1 calls
        0 ms  BuildCompileTraverse                       1 calls
        1 ms  BuildGenerateSourcesTraverse               1 calls
        1 ms  _CheckForInvalidConfigurationAndPlatform   1 calls
        1 ms  ResolveSDKReferences                       1 calls
        1 ms  FixupCLCompileOptions                      1 calls
        1 ms  _CheckWindowsSDKInstalled                  1 calls
        1 ms  _GetProjectReferenceTargetFrameworkProperties   1 calls
        1 ms  SetBuildDefaultEnvironmentVariables        1 calls
        1 ms  CustomBuild                                1 calls
        2 ms  InitializeBuildStatus                      1 calls
        5 ms  PrepareForBuild                            1 calls
     1263 ms  ClCompile                                  1 calls

Task Performance Summary:
        0 ms  Message                                    2 calls
        0 ms  AssignProjectConfiguration                 1 calls
        0 ms  MSBuild                                    1 calls
        0 ms  CheckVCToolsetVersion                      1 calls
        0 ms  ReadLinesFromFile                          1 calls
        0 ms  GetOutOfDateItems                          3 calls
        1 ms  Delete                                     1 calls
        1 ms  Touch                                      1 calls
        1 ms  SetEnv                                     9 calls
        1 ms  WriteLinesToFile                           1 calls
        3 ms  MakeDir                                    5 calls
     1261 ms  CL                                         1 calls
